Classes in the symbol table:
	Class: A
		Fields: 
			i --> int (offset: 0)
			a --> A (offset: 4)
		Methods: 
			foo --> int (offset: 0)
				Arguments:
					i == int
					j == int
			bar --> int (offset: 0)
				Arguments:
		Var Offset: 12
		Method Offset: 0

	Class: B (extends A)
		Fields: 
			i --> int (offset: 0)
			a --> A (offset: 4)
		Methods: 
			foo --> int (offset: 0)
				Arguments:
					i == int
					j == int
			bar --> int (offset: 0)
				Arguments:
			foobar --> int (offset: 0)
				Arguments:
					k == boolean
		Var Offset: 12
		Method Offset: 0

	Class: C (extends B)
		Fields: 
			i --> int (offset: 0)
			a --> A (offset: 4)
		Methods: 
			foo --> int (offset: 0)
				Arguments:
					i == int
					j == int
			bar --> int (offset: 0)
				Arguments:
			foobar --> int (offset: 0)
				Arguments:
					k == boolean
		Var Offset: 12
		Method Offset: 0

